<?xml version="1.0" encoding="UTF-8"?>
<!-- Generated by org.testng.reporters.JUnitXMLReporter -->
<testsuite hostname="Pavel" tests="3" failures="2" timestamp="2 Jul 2015 08:39:38 GMT" time="0.004" errors="0">
  <testcase name="hello1" time="0.0" classname="TestCase3"/>
  <testcase name="hello2" time="0.001" classname="TestCase3">
    <failure type="java.lang.AssertionError" message="expected:&amp;lt;true&amp;gt; but was:&amp;lt;false&amp;gt;">
      <![CDATA[java.lang.AssertionError: expected:<true> but was:<false>
	at TestCase3.hello2(TestCase3.java:25)
	at Main.main(Main.java:30)
... Removed 26 stack frames]]>
    </failure>
  </testcase>
  <testcase name="hello3" time="0.001" classname="TestCase3">
    <failure type="java.lang.AssertionError" message="expected:&amp;lt;true&amp;gt; but was:&amp;lt;false&amp;gt;">
      <![CDATA[java.lang.AssertionError: expected:<true> but was:<false>
	at TestCase3.hello3(TestCase3.java:30)
	at Main.main(Main.java:30)
... Removed 26 stack frames]]>
    </failure>
  </testcase>
</testsuite>
