<?xml version="1.0" encoding="UTF-8"?>
<!-- Generated by org.testng.reporters.JUnitXMLReporter -->
<testsuite hostname="Pavel" tests="15" failures="0" timestamp="2 Jul 2015 16:29:58 GMT" time="48.714" errors="0">
  <testcase name="go_to_contacts" time="1.197" classname="T2_Goto_Contacts"/>
  <testcase name="goto_Create_a_List" time="1.102" classname="T3_Create_a_List"/>
  <testcase name="enter_list_name" time="0.345" classname="T3_Create_a_List"/>
  <testcase name="enter_list_description" time="0.178" classname="T3_Create_a_List"/>
  <testcase name="check_AlwaysVisibleOnManageYourSubscriptionPage" time="0.061" classname="T3_Create_a_List"/>
  <testcase name="click_Save" time="1.343" classname="T3_Create_a_List"/>
  <testcase name="confirm_list_creation" time="0.021" classname="T3_Create_a_List"/>
  <testcase name="close_AssistanceBubbles" time="2.709" classname="T3_Create_a_List"/>
  <testcase name="click_Add_for_new_list" time="0.977" classname="T4_Add_One_Email"/>
  <testcase name="click_AddContactsOneByOne" time="0.603" classname="T4_Add_One_Email"/>
  <testcase name="enter_email" time="0.146" classname="T4_Add_One_Email"/>
  <testcase name="check_ReusePreviousEmail" time="0.089" classname="T4_Add_One_Email"/>
  <testcase name="click_addContactAndSendEmail" time="0.863" classname="T4_Add_One_Email"/>
  <testcase name="get_ConfirmationLinkFromCustomerEmailAccount" time="37.688" classname="T5_Activate_Customer_Permission"/>
  <testcase name="visit_url_to_activate_subscription" time="1.388" classname="T5_Activate_Customer_Permission"/>
</testsuite>
