<?xml version="1.0" encoding="UTF-8"?>
<!-- Generated by org.testng.reporters.JUnitXMLReporter -->
<testsuite hostname="Pavel" tests="14" failures="0" timestamp="2 Jul 2015 16:31:33 GMT" time="95.37" errors="0">
  <testcase name="click_Email" time="0.732" classname="T6_Create_An_Email"/>
  <testcase name="click_CreateAMessage" time="1.29" classname="T6_Create_An_Email"/>
  <testcase name="click_CreateTextOnlyEmail" time="23.463" classname="T6_Create_An_Email"/>
  <testcase name="edit_Email_Subject" time="0.494" classname="T6_Create_An_Email"/>
  <testcase name="edit_Email_MessageName" time="0.231" classname="T6_Create_An_Email"/>
  <testcase name="edit_Email_Content" time="0.181" classname="T6_Create_An_Email"/>
  <testcase name="click_TestMessage" time="21.922" classname="T6_Create_An_Email"/>
  <testcase name="confirm_ReceiptOfTestEmail" time="4.553" classname="T6_Create_An_Email"/>
  <testcase name="click_ProceedToSend_Green" time="7.844" classname="T7_Send_The_Email"/>
  <testcase name="select_List" time="2.063" classname="T7_Send_The_Email"/>
  <testcase name="click_ProceedToSend_Blue" time="0.792" classname="T7_Send_The_Email"/>
  <testcase name="initial_noSpamPromise" time="0.096" classname="T7_Send_The_Email"/>
  <testcase name="click_DeliverImmediately" time="0.947" classname="T7_Send_The_Email"/>
  <testcase name="confirm_CustomerReceiptOfEmail" time="30.759" classname="T7_Send_The_Email"/>
</testsuite>
